1573168908583	mozrunner::runner	INFO	Running command: "/usr/bin/firefox" "-marionette" "-foreground" "-no-remote" "-profile" "/tmp/rust_mozprofileehsV10"
1573168909652	addons.webextension.screenshots@mozilla.org	WARN	Loading extension 'screenshots@mozilla.org': Reading manifest: Invalid extension permission: mozillaAddons
1573168909652	addons.webextension.screenshots@mozilla.org	WARN	Loading extension 'screenshots@mozilla.org': Reading manifest: Invalid extension permission: telemetry
1573168909652	addons.webextension.screenshots@mozilla.org	WARN	Loading extension 'screenshots@mozilla.org': Reading manifest: Invalid extension permission: resource://pdf.js/
1573168909653	addons.webextension.screenshots@mozilla.org	WARN	Loading extension 'screenshots@mozilla.org': Reading manifest: Invalid extension permission: about:reader*
1573168913466	Marionette	INFO	Listening on port 42399
1573168913520	Marionette	WARN	TLS certificate errors will be ignored for this session
JavaScript error: resource://activity-stream/lib/ActivityStreamPrefs.jsm, line 27: NS_ERROR_ILLEGAL_VALUE: Component returned failure code: 0x80070057 (NS_ERROR_ILLEGAL_VALUE) [nsIPrefBranch.removeObserver]
JavaScript error: resource://services-settings/RemoteSettingsClient.jsm, line 149: Error: Unknown callback
JavaScript error: resource://gre/modules/UrlClassifierListManager.jsm, line 680: TypeError: this.tablesData[table] is undefined
JavaScript error: , line 0: AbortError: A request was aborted, for example through a call to IDBTransaction.abort.
1573168916152	Marionette	INFO	Stopped listening on port 42399
1573168969933	mozrunner::runner	INFO	Running command: "/usr/bin/firefox" "-marionette" "-foreground" "-no-remote" "-profile" "/tmp/rust_mozprofileUTImw4"
1573168970612	addons.webextension.screenshots@mozilla.org	WARN	Loading extension 'screenshots@mozilla.org': Reading manifest: Invalid extension permission: mozillaAddons
1573168970612	addons.webextension.screenshots@mozilla.org	WARN	Loading extension 'screenshots@mozilla.org': Reading manifest: Invalid extension permission: telemetry
1573168970634	addons.webextension.screenshots@mozilla.org	WARN	Loading extension 'screenshots@mozilla.org': Reading manifest: Invalid extension permission: resource://pdf.js/
1573168970635	addons.webextension.screenshots@mozilla.org	WARN	Loading extension 'screenshots@mozilla.org': Reading manifest: Invalid extension permission: about:reader*
1573168973205	Marionette	INFO	Listening on port 40711
1573168973282	Marionette	WARN	TLS certificate errors will be ignored for this session
JavaScript warning: https://code.jquery.com/jquery-1.10.2.min.js, line 2: Using //@ to indicate sourceMappingURL pragmas is deprecated. Use //# instead
Extension error: [Exception... "Component returned failure code: 0x80004005 (NS_ERROR_FAILURE) [nsIDOMWindowUtils.removeSheetUsingURIString]"  nsresult: "0x80004005 (NS_ERROR_FAILURE)"  location: "JS frame :: resource://gre/modules/ExtensionCommon.jsm :: runSafeSyncWithoutClone :: line 75"  data: no] undefined 75
[[Exception stack
runSafeSyncWithoutClone@resource://gre/modules/ExtensionCommon.jsm:75:12
cleanup@resource://gre/modules/ExtensionContent.jsm:402:34
close@resource://gre/modules/ExtensionContent.jsm:925:14
shutdownExtension@resource://gre/modules/ExtensionContent.jsm:1035:17
shutdownExtension@resource://gre/modules/ExtensionContent.jsm:1083:21
shutdown@resource://gre/modules/ExtensionChild.jsm:963:22
receiveMessage@resource://gre/modules/ExtensionProcessScript.jsm:287:38
Current stack
runSafeSyncWithoutClone@resource://gre/modules/ExtensionCommon.jsm:81:9
cleanup@resource://gre/modules/ExtensionContent.jsm:402:34
close@resource://gre/modules/ExtensionContent.jsm:925:14
shutdownExtension@resource://gre/modules/ExtensionContent.jsm:1035:17
shutdownExtension@resource://gre/modules/ExtensionContent.jsm:1083:21
shutdown@resource://gre/modules/ExtensionChild.jsm:963:22
receiveMessage@resource://gre/modules/ExtensionProcessScript.jsm:287:38
]]
1573169016753	Marionette	INFO	Stopped listening on port 40711
1573169106212	mozrunner::runner	INFO	Running command: "/usr/bin/firefox" "-marionette" "-foreground" "-no-remote" "-profile" "/tmp/rust_mozprofileisI63U"
1573169106799	addons.webextension.screenshots@mozilla.org	WARN	Loading extension 'screenshots@mozilla.org': Reading manifest: Invalid extension permission: mozillaAddons
1573169106799	addons.webextension.screenshots@mozilla.org	WARN	Loading extension 'screenshots@mozilla.org': Reading manifest: Invalid extension permission: telemetry
1573169106800	addons.webextension.screenshots@mozilla.org	WARN	Loading extension 'screenshots@mozilla.org': Reading manifest: Invalid extension permission: resource://pdf.js/
1573169106800	addons.webextension.screenshots@mozilla.org	WARN	Loading extension 'screenshots@mozilla.org': Reading manifest: Invalid extension permission: about:reader*
1573169109239	Marionette	INFO	Listening on port 34477
1573169109321	Marionette	WARN	TLS certificate errors will be ignored for this session
JavaScript error: resource://activity-stream/lib/ActivityStreamPrefs.jsm, line 27: NS_ERROR_ILLEGAL_VALUE: Component returned failure code: 0x80070057 (NS_ERROR_ILLEGAL_VALUE) [nsIPrefBranch.removeObserver]
JavaScript error: resource://services-settings/RemoteSettingsClient.jsm, line 149: Error: Unknown callback
JavaScript error: resource://gre/modules/UrlClassifierListManager.jsm, line 680: TypeError: this.tablesData[table] is undefined
Exiting due to channel error.
1573169166463	mozrunner::runner	INFO	Running command: "/usr/bin/firefox" "-marionette" "-foreground" "-no-remote" "-profile" "/tmp/rust_mozprofile9b9vSh"
1573169167078	addons.webextension.screenshots@mozilla.org	WARN	Loading extension 'screenshots@mozilla.org': Reading manifest: Invalid extension permission: mozillaAddons
1573169167078	addons.webextension.screenshots@mozilla.org	WARN	Loading extension 'screenshots@mozilla.org': Reading manifest: Invalid extension permission: telemetry
1573169167079	addons.webextension.screenshots@mozilla.org	WARN	Loading extension 'screenshots@mozilla.org': Reading manifest: Invalid extension permission: resource://pdf.js/
1573169167079	addons.webextension.screenshots@mozilla.org	WARN	Loading extension 'screenshots@mozilla.org': Reading manifest: Invalid extension permission: about:reader*
1573169169603	Marionette	INFO	Listening on port 33357
1573169169675	Marionette	WARN	TLS certificate errors will be ignored for this session
JavaScript warning: https://code.jquery.com/jquery-1.10.2.min.js, line 2: Using //@ to indicate sourceMappingURL pragmas is deprecated. Use //# instead

(/usr/lib/firefox/firefox:7552): dconf-WARNING **: 17:26:20.630: Unable to open /var/lib/snapd/desktop/dconf/profile/user: Permission denied
Extension error: [Exception... "Component returned failure code: 0x80004005 (NS_ERROR_FAILURE) [nsIDOMWindowUtils.removeSheetUsingURIString]"  nsresult: "0x80004005 (NS_ERROR_FAILURE)"  location: "JS frame :: resource://gre/modules/ExtensionCommon.jsm :: runSafeSyncWithoutClone :: line 75"  data: no] undefined 75
[[Exception stack
runSafeSyncWithoutClone@resource://gre/modules/ExtensionCommon.jsm:75:12
cleanup@resource://gre/modules/ExtensionContent.jsm:402:34
close@resource://gre/modules/ExtensionContent.jsm:925:14
shutdownExtension@resource://gre/modules/ExtensionContent.jsm:1035:17
shutdownExtension@resource://gre/modules/ExtensionContent.jsm:1083:21
shutdown@resource://gre/modules/ExtensionChild.jsm:963:22
receiveMessage@resource://gre/modules/ExtensionProcessScript.jsm:287:38
Current stack
runSafeSyncWithoutClone@resource://gre/modules/ExtensionCommon.jsm:81:9
cleanup@resource://gre/modules/ExtensionContent.jsm:402:34
close@resource://gre/modules/ExtensionContent.jsm:925:14
shutdownExtension@resource://gre/modules/ExtensionContent.jsm:1035:17
shutdownExtension@resource://gre/modules/ExtensionContent.jsm:1083:21
shutdown@resource://gre/modules/ExtensionChild.jsm:963:22
receiveMessage@resource://gre/modules/ExtensionProcessScript.jsm:287:38
]]
Exiting due to channel error.
1573169478304	mozrunner::runner	INFO	Running command: "/usr/bin/firefox" "-marionette" "-foreground" "-no-remote" "-profile" "/tmp/rust_mozprofile5TmpRK"
1573169478941	addons.webextension.screenshots@mozilla.org	WARN	Loading extension 'screenshots@mozilla.org': Reading manifest: Invalid extension permission: mozillaAddons
1573169478942	addons.webextension.screenshots@mozilla.org	WARN	Loading extension 'screenshots@mozilla.org': Reading manifest: Invalid extension permission: telemetry
1573169478942	addons.webextension.screenshots@mozilla.org	WARN	Loading extension 'screenshots@mozilla.org': Reading manifest: Invalid extension permission: resource://pdf.js/
1573169478942	addons.webextension.screenshots@mozilla.org	WARN	Loading extension 'screenshots@mozilla.org': Reading manifest: Invalid extension permission: about:reader*
1573169481442	Marionette	INFO	Listening on port 43005
1573169481513	Marionette	WARN	TLS certificate errors will be ignored for this session
JavaScript warning: https://code.jquery.com/jquery-1.10.2.min.js, line 2: Using //@ to indicate sourceMappingURL pragmas is deprecated. Use //# instead

(/usr/lib/firefox/firefox:8301): dconf-WARNING **: 17:31:33.055: Unable to open /var/lib/snapd/desktop/dconf/profile/user: Permission denied
Extension error: [Exception... "Component returned failure code: 0x80004005 (NS_ERROR_FAILURE) [nsIDOMWindowUtils.removeSheetUsingURIString]"  nsresult: "0x80004005 (NS_ERROR_FAILURE)"  location: "JS frame :: resource://gre/modules/ExtensionCommon.jsm :: runSafeSyncWithoutClone :: line 75"  data: no] undefined 75
[[Exception stack
runSafeSyncWithoutClone@resource://gre/modules/ExtensionCommon.jsm:75:12
cleanup@resource://gre/modules/ExtensionContent.jsm:402:34
close@resource://gre/modules/ExtensionContent.jsm:925:14
shutdownExtension@resource://gre/modules/ExtensionContent.jsm:1035:17
shutdownExtension@resource://gre/modules/ExtensionContent.jsm:1083:21
shutdown@resource://gre/modules/ExtensionChild.jsm:963:22
receiveMessage@resource://gre/modules/ExtensionProcessScript.jsm:287:38
Current stack
runSafeSyncWithoutClone@resource://gre/modules/ExtensionCommon.jsm:81:9
cleanup@resource://gre/modules/ExtensionContent.jsm:402:34
close@resource://gre/modules/ExtensionContent.jsm:925:14
shutdownExtension@resource://gre/modules/ExtensionContent.jsm:1035:17
shutdownExtension@resource://gre/modules/ExtensionContent.jsm:1083:21
shutdown@resource://gre/modules/ExtensionChild.jsm:963:22
receiveMessage@resource://gre/modules/ExtensionProcessScript.jsm:287:38
]]
1573169516354	Marionette	INFO	Stopped listening on port 43005
